mode: set
bookstore/common/auth/token.go:17.91,31.16 5 1
bookstore/common/auth/token.go:31.16,34.3 2 0
bookstore/common/auth/token.go:36.2,36.25 1 1
bookstore/common/auth/token.go:39.70,41.41 2 1
bookstore/common/auth/token.go:41.41,43.3 1 1
bookstore/common/auth/token.go:45.2,45.104 1 1
bookstore/common/auth/token.go:45.104,47.3 1 1
bookstore/common/auth/token.go:49.2,49.16 1 1
bookstore/common/auth/token.go:49.16,51.3 1 1
bookstore/common/auth/token.go:53.2,54.22 2 1
bookstore/common/auth/token.go:54.22,56.3 1 0
bookstore/common/auth/token.go:58.2,58.27 1 1
